
> portfolio@0.1.0 build
> next build

ťąŅ?Warning: Next.js inferred your workspace root, but it may not be correct.
 We detected multiple lockfiles and selected the directory of C:\Users\11768\package-lock.json as the root directory.
 To silence this warning, set `turbopack.root` in your Next.js config, or consider removing one of the lockfiles if it's not needed.
   See https://nextjs.org/docs/app/api-reference/config/next-config-js/turbopack#root-directory for more information.
 Detected additional lockfiles: 
   * C:\Users\11768\portfolio\package-lock.json

ťąĽ?Next.js 16.2.9 (Turbopack)

  Creating an optimized production build ...
ťČĀ?Compiled successfully in 2.7s
  Running TypeScript ...
  Finished TypeScript in 3.0s ...
  Collecting page data using 7 workers ...
  Generating static pages using 7 workers (0/7) ...
  Generating static pages using 7 workers (1/7) 
  Generating static pages using 7 workers (3/7) 
  Generating static pages using 7 workers (5/7) 
ťČĀ?Generating static pages using 7 workers (7/7) in 862ms
  Finalizing page optimization ...

Route (app)
ťąĻ?ťąľ?/
ťąĻ?ťąľ?/_not-found
ťąĻ?ťąľ?/about
ťąĻ?ťąľ?/projects
ťąĻ?ťąľ?/projects/[slug]
  ťąĻ?/projects/another-project
  ťąĻ?/projects/my-first-project


ťąľ? (Static)  prerendered as static content
ťąľ? (SSG)     prerendered as static HTML (uses generateStaticParams)

